./sdriver.pl -t trace01.txt -s ./tsh -a "-p"
#
# trace01.txt - Properly terminate on EOF.
#
./sdriver.pl -t trace02.txt -s ./tsh -a "-p"
#
# trace02.txt - Process builtin quit command.
#
./sdriver.pl -t trace03.txt -s ./tsh -a "-p"
#
# trace03.txt - Run a foreground job.
#
tsh> quit
./sdriver.pl -t trace04.txt -s ./tsh -a "-p"
#
# trace04.txt - Run a background job.
#
tsh> ./myspin 1 &
[1] (7246) ./myspin 1 &
./sdriver.pl -t trace05.txt -s ./tsh -a "-p"
#
# trace05.txt - Process jobs builtin command.
#
tsh> ./myspin 2 &
[1] (7252) ./myspin 2 &
tsh> ./myspin 3 &
[2] (7254) ./myspin 3 &
tsh> jobs
[1] (7252) Running ./myspin 2 &
[2] (7254) Running ./myspin 3 &
./sdriver.pl -t trace06.txt -s ./tsh -a "-p"
#
# trace06.txt - Forward SIGINT to foreground job.
#
tsh> ./myspin 4
Job [1] (7261) terminated by signal 2
./sdriver.pl -t trace07.txt -s ./tsh -a "-p"
#
# trace07.txt - Forward SIGINT only to foreground job.
#
tsh> ./myspin 4 &
[1] (7267) ./myspin 4 &
tsh> ./myspin 5
Job [2] (7269) terminated by signal 2
tsh> jobs
[1] (7267) Running ./myspin 4 &
./sdriver.pl -t trace08.txt -s ./tsh -a "-p"
#
# trace08.txt - Forward SIGTSTP only to foreground job.
#
tsh> ./myspin 4 &
[1] (7276) ./myspin 4 &
tsh> ./myspin 5
Job [2] (7278) stopped by signal 20
tsh> jobs
[1] (7276) Running ./myspin 4 &
[2] (7278) Stopped ./myspin 5 
./sdriver.pl -t trace09.txt -s ./tsh -a "-p"
#
# trace09.txt - Process bg builtin command
#
tsh> ./myspin 4 &
[1] (7285) ./myspin 4 &
tsh> ./myspin 5
Job [2] (7287) stopped by signal 20
tsh> jobs
[1] (7285) Running ./myspin 4 &
[2] (7287) Stopped ./myspin 5 
tsh> bg %2
[2] (7287) ./myspin 5 
tsh> jobs
[1] (7285) Running ./myspin 4 &
[2] (7287) Running ./myspin 5 
./sdriver.pl -t trace10.txt -s ./tsh -a "-p"
#
# trace10.txt - Process fg builtin command. 
#
tsh> ./myspin 4 &
[1] (7296) ./myspin 4 &
tsh> fg %1
Job [1] (7296) stopped by signal 20
tsh> jobs
[1] (7296) Stopped ./myspin 4 &
tsh> fg %1
tsh> jobs
./sdriver.pl -t trace11.txt -s ./tsh -a "-p"
#
# trace11.txt - Forward SIGINT to every process in foreground process group
#
tsh> ./mysplit 4
Job [1] (7306) terminated by signal 2
tsh> /bin/ps a
  PID TTY      STAT   TIME COMMAND
 1659 tty7     Ssl+   2:45 /usr/lib/xorg/Xorg -core :0 -seat seat0 -auth /var/run/lightdm/root/:0 -nolisten tcp vt7 -novtswitch
 1661 tty1     Ss+    0:00 /sbin/agetty --noclear tty1 linux
 3715 pts/2    Ss     0:01 bash
 3774 pts/17   Ss+    0:00 bash
 7226 pts/2    S+     0:00 /bin/bash ./tsh_output.sh
 7301 pts/2    S+     0:00 make test11
 7302 pts/2    S+     0:00 /bin/sh -c ./sdriver.pl -t trace11.txt -s ./tsh -a "-p"
 7303 pts/2    S+     0:00 /usr/bin/perl ./sdriver.pl -t trace11.txt -s ./tsh -a -p
 7304 pts/2    S+     0:00 ./tsh -p
 7309 pts/2    R      0:00 /bin/ps a
./sdriver.pl -t trace12.txt -s ./tsh -a "-p"
#
# trace12.txt - Forward SIGTSTP to every process in foreground process group
#
tsh> ./mysplit 4
Job [1] (7315) stopped by signal 20
tsh> jobs
[1] (7315) Stopped ./mysplit 4 
tsh> /bin/ps a
  PID TTY      STAT   TIME COMMAND
 1659 tty7     Ssl+   2:45 /usr/lib/xorg/Xorg -core :0 -seat seat0 -auth /var/run/lightdm/root/:0 -nolisten tcp vt7 -novtswitch
 1661 tty1     Ss+    0:00 /sbin/agetty --noclear tty1 linux
 3715 pts/2    Ss     0:01 bash
 3774 pts/17   Ss+    0:00 bash
 7226 pts/2    S+     0:00 /bin/bash ./tsh_output.sh
 7310 pts/2    S+     0:00 make test12
 7311 pts/2    S+     0:00 /bin/sh -c ./sdriver.pl -t trace12.txt -s ./tsh -a "-p"
 7312 pts/2    S+     0:00 /usr/bin/perl ./sdriver.pl -t trace12.txt -s ./tsh -a -p
 7313 pts/2    S+     0:00 ./tsh -p
 7315 pts/2    T      0:00 ./mysplit 4
 7316 pts/2    T      0:00 ./mysplit 4
 7319 pts/2    R      0:00 /bin/ps a
./sdriver.pl -t trace13.txt -s ./tsh -a "-p"
#
# trace13.txt - Restart every stopped process in process group
#
tsh> ./mysplit 4
Job [1] (7325) stopped by signal 20
tsh> jobs
[1] (7325) Stopped ./mysplit 4 
tsh> /bin/ps a
  PID TTY      STAT   TIME COMMAND
 1659 tty7     Ssl+   2:45 /usr/lib/xorg/Xorg -core :0 -seat seat0 -auth /var/run/lightdm/root/:0 -nolisten tcp vt7 -novtswitch
 1661 tty1     Ss+    0:00 /sbin/agetty --noclear tty1 linux
 3715 pts/2    Ss     0:01 bash
 3774 pts/17   Ss+    0:00 bash
 7226 pts/2    S+     0:00 /bin/bash ./tsh_output.sh
 7320 pts/2    S+     0:00 make test13
 7321 pts/2    S+     0:00 /bin/sh -c ./sdriver.pl -t trace13.txt -s ./tsh -a "-p"
 7322 pts/2    S+     0:00 /usr/bin/perl ./sdriver.pl -t trace13.txt -s ./tsh -a -p
 7323 pts/2    S+     0:00 ./tsh -p
 7325 pts/2    T      0:00 ./mysplit 4
 7326 pts/2    T      0:00 ./mysplit 4
 7329 pts/2    R      0:00 /bin/ps a
tsh> fg %1
tsh> /bin/ps a
  PID TTY      STAT   TIME COMMAND
 1659 tty7     Ssl+   2:45 /usr/lib/xorg/Xorg -core :0 -seat seat0 -auth /var/run/lightdm/root/:0 -nolisten tcp vt7 -novtswitch
 1661 tty1     Ss+    0:00 /sbin/agetty --noclear tty1 linux
 3715 pts/2    Ss     0:01 bash
 3774 pts/17   Ss+    0:00 bash
 7226 pts/2    S+     0:00 /bin/bash ./tsh_output.sh
 7320 pts/2    S+     0:00 make test13
 7321 pts/2    S+     0:00 /bin/sh -c ./sdriver.pl -t trace13.txt -s ./tsh -a "-p"
 7322 pts/2    S+     0:00 /usr/bin/perl ./sdriver.pl -t trace13.txt -s ./tsh -a -p
 7323 pts/2    S+     0:00 ./tsh -p
 7332 pts/2    R      0:00 /bin/ps a
./sdriver.pl -t trace14.txt -s ./tsh -a "-p"
#
# trace14.txt - Simple error handling
#
tsh> ./bogus
./bogus: Command not found.
tsh> ./myspin 4 &
[1] (7340) ./myspin 4 &
tsh> fg
fg/bg command requires PID or %jobid argument
tsh> bg
fg/bg command requires PID or %jobid argument
tsh> fg a
fg/bg: argument must be a PID or %jobid
tsh> bg a
fg/bg: argument must be a PID or %jobid
tsh> fg 9999999
(9999999): No such process
tsh> bg 9999999
(9999999): No such process
tsh> fg %2
%2: No such job
tsh> fg %1
Job [1] (7340) stopped by signal 20
tsh> bg %2
%2: No such job
tsh> bg %1
[1] (7340) ./myspin 4 &
tsh> jobs
[1] (7340) Running ./myspin 4 &
./sdriver.pl -t trace15.txt -s ./tsh -a "-p"
#
# trace15.txt - Putting it all together
#
tsh> ./bogus
./bogus: Command not found.
tsh> ./myspin 10
Job [1] (7359) terminated by signal 2
tsh> ./myspin 3 &
[1] (7361) ./myspin 3 &
tsh> ./myspin 4 &
[2] (7363) ./myspin 4 &
tsh> jobs
[1] (7361) Running ./myspin 3 &
[2] (7363) Running ./myspin 4 &
tsh> fg %1
Job [1] (7361) stopped by signal 20
tsh> jobs
[1] (7361) Stopped ./myspin 3 &
[2] (7363) Running ./myspin 4 &
tsh> bg %3
%3: No such job
tsh> bg %1
[1] (7361) ./myspin 3 &
tsh> jobs
[1] (7361) Running ./myspin 3 &
[2] (7363) Running ./myspin 4 &
tsh> fg %1
tsh> quit
./sdriver.pl -t trace16.txt -s ./tsh -a "-p"
#
# trace16.txt - Tests whether the shell can handle SIGTSTP and SIGINT
#     signals that come from other processes instead of the terminal.
#
tsh> ./mystop 2
Job [1] (7379) stopped by signal 20
tsh> jobs
[1] (7379) Stopped ./mystop 2
tsh> ./myint 2
Job [2] (7382) terminated by signal 2
